::1 - - [02/Nov/2018:10:57:56 +0000] "GET / HTTP/1.1" 200 11 "-" "Mozilla/5.0 (Windows NT 10.0; Win64; x64) AppleWebKit/537.36 (KHTML, like Gecko) Chrome/70.0.3538.77 Safari/537.36"
::1 - - [02/Nov/2018:10:57:56 +0000] "GET /favicon.ico HTTP/1.1" 404 150 "http://localhost:8081/" "Mozilla/5.0 (Windows NT 10.0; Win64; x64) AppleWebKit/537.36 (KHTML, like Gecko) Chrome/70.0.3538.77 Safari/537.36"
::1 - - [02/Nov/2018:10:59:05 +0000] "GET / HTTP/1.1" 304 - "-" "Mozilla/5.0 (Windows NT 10.0; Win64; x64) AppleWebKit/537.36 (KHTML, like Gecko) Chrome/70.0.3538.77 Safari/537.36"
::1 - - [02/Nov/2018:11:01:27 +0000] "GET / HTTP/1.1" 304 - "-" "Mozilla/5.0 (Windows NT 10.0; Win64; x64) AppleWebKit/537.36 (KHTML, like Gecko) Chrome/70.0.3538.77 Safari/537.36"
::1 - - [02/Nov/2018:11:01:49 +0000] "GET / HTTP/1.1" 200 43 "-" "Mozilla/5.0 (Windows NT 10.0; Win64; x64) AppleWebKit/537.36 (KHTML, like Gecko) Chrome/70.0.3538.77 Safari/537.36"
::1 - - [02/Nov/2018:11:03:27 +0000] "GET / HTTP/1.1" 304 - "-" "Mozilla/5.0 (Windows NT 10.0; Win64; x64) AppleWebKit/537.36 (KHTML, like Gecko) Chrome/70.0.3538.77 Safari/537.36"
::1 - - [02/Nov/2018:11:04:27 +0000] "GET / HTTP/1.1" 304 - "-" "Mozilla/5.0 (Windows NT 10.0; Win64; x64) AppleWebKit/537.36 (KHTML, like Gecko) Chrome/70.0.3538.77 Safari/537.36"
::1 - - [02/Nov/2018:11:04:49 +0000] "GET / HTTP/1.1" 200 50 "-" "Mozilla/5.0 (Windows NT 10.0; Win64; x64) AppleWebKit/537.36 (KHTML, like Gecko) Chrome/70.0.3538.77 Safari/537.36"
::1 - - [02/Nov/2018:11:05:00 +0000] "GET / HTTP/1.1" 304 - "-" "Mozilla/5.0 (Windows NT 10.0; Win64; x64) AppleWebKit/537.36 (KHTML, like Gecko) Chrome/70.0.3538.77 Safari/537.36"
::1 - - [02/Nov/2018:11:05:21 +0000] "GET / HTTP/1.1" 304 - "-" "Mozilla/5.0 (Windows NT 10.0; Win64; x64) AppleWebKit/537.36 (KHTML, like Gecko) Chrome/70.0.3538.77 Safari/537.36"
::1 - - [02/Nov/2018:11:06:00 +0000] "GET / HTTP/1.1" 304 - "-" "Mozilla/5.0 (Windows NT 10.0; Win64; x64) AppleWebKit/537.36 (KHTML, like Gecko) Chrome/70.0.3538.77 Safari/537.36"
::1 - - [02/Nov/2018:11:06:10 +0000] "GET / HTTP/1.1" 304 - "-" "Mozilla/5.0 (Windows NT 10.0; Win64; x64) AppleWebKit/537.36 (KHTML, like Gecko) Chrome/70.0.3538.77 Safari/537.36"
::1 - - [02/Nov/2018:11:06:25 +0000] "GET / HTTP/1.1" 304 - "-" "Mozilla/5.0 (Windows NT 10.0; Win64; x64) AppleWebKit/537.36 (KHTML, like Gecko) Chrome/70.0.3538.77 Safari/537.36"
::1 - - [02/Nov/2018:11:06:58 +0000] "GET / HTTP/1.1" 304 - "-" "Mozilla/5.0 (Windows NT 10.0; Win64; x64) AppleWebKit/537.36 (KHTML, like Gecko) Chrome/70.0.3538.77 Safari/537.36"
::1 - - [02/Nov/2018:11:06:59 +0000] "GET / HTTP/1.1" 304 - "-" "Mozilla/5.0 (Windows NT 10.0; Win64; x64) AppleWebKit/537.36 (KHTML, like Gecko) Chrome/70.0.3538.77 Safari/537.36"
::1 - - [02/Nov/2018:11:06:59 +0000] "GET / HTTP/1.1" 304 - "-" "Mozilla/5.0 (Windows NT 10.0; Win64; x64) AppleWebKit/537.36 (KHTML, like Gecko) Chrome/70.0.3538.77 Safari/537.36"
::1 - - [02/Nov/2018:11:06:59 +0000] "GET / HTTP/1.1" 304 - "-" "Mozilla/5.0 (Windows NT 10.0; Win64; x64) AppleWebKit/537.36 (KHTML, like Gecko) Chrome/70.0.3538.77 Safari/537.36"
::1 - - [02/Nov/2018:11:07:00 +0000] "GET / HTTP/1.1" 304 - "-" "Mozilla/5.0 (Windows NT 10.0; Win64; x64) AppleWebKit/537.36 (KHTML, like Gecko) Chrome/70.0.3538.77 Safari/537.36"
::1 - - [02/Nov/2018:11:07:00 +0000] "GET / HTTP/1.1" 304 - "-" "Mozilla/5.0 (Windows NT 10.0; Win64; x64) AppleWebKit/537.36 (KHTML, like Gecko) Chrome/70.0.3538.77 Safari/537.36"
::1 - - [02/Nov/2018:11:07:01 +0000] "GET / HTTP/1.1" 304 - "-" "Mozilla/5.0 (Windows NT 10.0; Win64; x64) AppleWebKit/537.36 (KHTML, like Gecko) Chrome/70.0.3538.77 Safari/537.36"
::1 - - [02/Nov/2018:11:07:01 +0000] "GET / HTTP/1.1" 304 - "-" "Mozilla/5.0 (Windows NT 10.0; Win64; x64) AppleWebKit/537.36 (KHTML, like Gecko) Chrome/70.0.3538.77 Safari/537.36"
::1 - - [02/Nov/2018:11:07:01 +0000] "GET / HTTP/1.1" 304 - "-" "Mozilla/5.0 (Windows NT 10.0; Win64; x64) AppleWebKit/537.36 (KHTML, like Gecko) Chrome/70.0.3538.77 Safari/537.36"
::1 - - [02/Nov/2018:11:07:01 +0000] "GET / HTTP/1.1" 304 - "-" "Mozilla/5.0 (Windows NT 10.0; Win64; x64) AppleWebKit/537.36 (KHTML, like Gecko) Chrome/70.0.3538.77 Safari/537.36"
::1 - - [02/Nov/2018:11:07:02 +0000] "GET / HTTP/1.1" 304 - "-" "Mozilla/5.0 (Windows NT 10.0; Win64; x64) AppleWebKit/537.36 (KHTML, like Gecko) Chrome/70.0.3538.77 Safari/537.36"
::1 - - [02/Nov/2018:11:07:02 +0000] "GET / HTTP/1.1" 304 - "-" "Mozilla/5.0 (Windows NT 10.0; Win64; x64) AppleWebKit/537.36 (KHTML, like Gecko) Chrome/70.0.3538.77 Safari/537.36"
::1 - - [02/Nov/2018:11:07:09 +0000] "GET / HTTP/1.1" 200 31 "-" "Mozilla/5.0 (Windows NT 10.0; Win64; x64) AppleWebKit/537.36 (KHTML, like Gecko) Chrome/70.0.3538.77 Safari/537.36"
::1 - - [02/Nov/2018:11:07:11 +0000] "GET / HTTP/1.1" 304 - "-" "Mozilla/5.0 (Windows NT 10.0; Win64; x64) AppleWebKit/537.36 (KHTML, like Gecko) Chrome/70.0.3538.77 Safari/537.36"
::1 - - [02/Nov/2018:11:07:12 +0000] "GET / HTTP/1.1" 304 - "-" "Mozilla/5.0 (Windows NT 10.0; Win64; x64) AppleWebKit/537.36 (KHTML, like Gecko) Chrome/70.0.3538.77 Safari/537.36"
::1 - - [02/Nov/2018:11:07:12 +0000] "GET / HTTP/1.1" 304 - "-" "Mozilla/5.0 (Windows NT 10.0; Win64; x64) AppleWebKit/537.36 (KHTML, like Gecko) Chrome/70.0.3538.77 Safari/537.36"
::1 - - [02/Nov/2018:11:07:48 +0000] "GET / HTTP/1.1" 304 - "-" "Mozilla/5.0 (Windows NT 10.0; Win64; x64) AppleWebKit/537.36 (KHTML, like Gecko) Chrome/70.0.3538.77 Safari/537.36"
::1 - - [02/Nov/2018:11:08:08 +0000] "GET / HTTP/1.1" 304 - "-" "Mozilla/5.0 (Windows NT 10.0; Win64; x64) AppleWebKit/537.36 (KHTML, like Gecko) Chrome/70.0.3538.77 Safari/537.36"
::1 - - [02/Nov/2018:11:08:22 +0000] "GET / HTTP/1.1" 304 - "-" "Mozilla/5.0 (Windows NT 10.0; Win64; x64) AppleWebKit/537.36 (KHTML, like Gecko) Chrome/70.0.3538.77 Safari/537.36"
::1 - - [02/Nov/2018:11:08:31 +0000] "GET / HTTP/1.1" 304 - "-" "Mozilla/5.0 (Windows NT 10.0; Win64; x64) AppleWebKit/537.36 (KHTML, like Gecko) Chrome/70.0.3538.77 Safari/537.36"
::1 - - [02/Nov/2018:11:09:15 +0000] "GET / HTTP/1.1" 304 - "-" "Mozilla/5.0 (Windows NT 10.0; Win64; x64) AppleWebKit/537.36 (KHTML, like Gecko) Chrome/70.0.3538.77 Safari/537.36"
::1 - - [02/Nov/2018:11:14:53 +0000] "GET / HTTP/1.1" 304 - "-" "Mozilla/5.0 (Windows NT 10.0; Win64; x64) AppleWebKit/537.36 (KHTML, like Gecko) Chrome/70.0.3538.77 Safari/537.36"
::1 - - [02/Nov/2018:11:15:12 +0000] "GET / HTTP/1.1" 304 - "-" "Mozilla/5.0 (Windows NT 10.0; Win64; x64) AppleWebKit/537.36 (KHTML, like Gecko) Chrome/70.0.3538.77 Safari/537.36"
::ffff:127.0.0.1 - - [02/Nov/2018:11:15:19 +0000] "GET / HTTP/1.1" 304 - "-" "Mozilla/5.0 (Windows NT 10.0; Win64; x64) AppleWebKit/537.36 (KHTML, like Gecko) Chrome/70.0.3538.77 Safari/537.36"
::1 - - [02/Nov/2018:11:17:14 +0000] "GET / HTTP/1.1" 304 - "-" "Mozilla/5.0 (Windows NT 10.0; Win64; x64) AppleWebKit/537.36 (KHTML, like Gecko) Chrome/70.0.3538.77 Safari/537.36"
::1 - - [02/Nov/2018:11:17:23 +0000] "GET / HTTP/1.1" 200 64 "-" "Mozilla/5.0 (Windows NT 10.0; Win64; x64) AppleWebKit/537.36 (KHTML, like Gecko) Chrome/70.0.3538.77 Safari/537.36"
::1 - - [02/Nov/2018:11:19:03 +0000] "GET / HTTP/1.1" 304 - "-" "Mozilla/5.0 (Windows NT 10.0; Win64; x64) AppleWebKit/537.36 (KHTML, like Gecko) Chrome/70.0.3538.77 Safari/537.36"
::1 - - [02/Nov/2018:11:19:12 +0000] "GET / HTTP/1.1" 500 62 "-" "Mozilla/5.0 (Windows NT 10.0; Win64; x64) AppleWebKit/537.36 (KHTML, like Gecko) Chrome/70.0.3538.77 Safari/537.36"
::1 - - [02/Nov/2018:11:19:13 +0000] "GET / HTTP/1.1" 500 62 "-" "Mozilla/5.0 (Windows NT 10.0; Win64; x64) AppleWebKit/537.36 (KHTML, like Gecko) Chrome/70.0.3538.77 Safari/537.36"
::1 - - [02/Nov/2018:11:21:59 +0000] "GET /signup HTTP/1.1" 404 145 "-" "Mozilla/5.0 (Windows NT 10.0; Win64; x64) AppleWebKit/537.36 (KHTML, like Gecko) Chrome/70.0.3538.77 Safari/537.36"
::1 - - [02/Nov/2018:11:24:38 +0000] "GET /signup HTTP/1.1" 404 145 "-" "Mozilla/5.0 (Windows NT 10.0; Win64; x64) AppleWebKit/537.36 (KHTML, like Gecko) Chrome/70.0.3538.77 Safari/537.36"
::1 - - [02/Nov/2018:11:24:40 +0000] "GET /signup HTTP/1.1" 404 145 "-" "Mozilla/5.0 (Windows NT 10.0; Win64; x64) AppleWebKit/537.36 (KHTML, like Gecko) Chrome/70.0.3538.77 Safari/537.36"
::1 - - [02/Nov/2018:11:24:49 +0000] "GET /signup HTTP/1.1" 404 145 "-" "Mozilla/5.0 (Windows NT 10.0; Win64; x64) AppleWebKit/537.36 (KHTML, like Gecko) Chrome/70.0.3538.77 Safari/537.36"
::1 - - [02/Nov/2018:11:24:51 +0000] "GET /signup HTTP/1.1" 404 145 "-" "Mozilla/5.0 (Windows NT 10.0; Win64; x64) AppleWebKit/537.36 (KHTML, like Gecko) Chrome/70.0.3538.77 Safari/537.36"
::1 - - [02/Nov/2018:11:28:14 +0000] "GET /auth/signup HTTP/1.1" 404 150 "-" "Mozilla/5.0 (Windows NT 10.0; Win64; x64) AppleWebKit/537.36 (KHTML, like Gecko) Chrome/70.0.3538.77 Safari/537.36"
::1 - - [02/Nov/2018:11:28:39 +0000] "GET /auth/signup HTTP/1.1" 404 150 "-" "Mozilla/5.0 (Windows NT 10.0; Win64; x64) AppleWebKit/537.36 (KHTML, like Gecko) Chrome/70.0.3538.77 Safari/537.36"
::1 - - [02/Nov/2018:11:28:41 +0000] "GET /auth/signup HTTP/1.1" 404 150 "-" "Mozilla/5.0 (Windows NT 10.0; Win64; x64) AppleWebKit/537.36 (KHTML, like Gecko) Chrome/70.0.3538.77 Safari/537.36"
::1 - - [02/Nov/2018:11:28:49 +0000] "GET /auth/signup HTTP/1.1" 404 150 "-" "Mozilla/5.0 (Windows NT 10.0; Win64; x64) AppleWebKit/537.36 (KHTML, like Gecko) Chrome/70.0.3538.77 Safari/537.36"
::1 - - [02/Nov/2018:11:28:56 +0000] "GET /auth/signup HTTP/1.1" 200 19 "-" "Mozilla/5.0 (Windows NT 10.0; Win64; x64) AppleWebKit/537.36 (KHTML, like Gecko) Chrome/70.0.3538.77 Safari/537.36"
::1 - - [02/Nov/2018:11:32:25 +0000] "GET /users/getAll HTTP/1.1" 404 151 "-" "Mozilla/5.0 (Windows NT 10.0; Win64; x64) AppleWebKit/537.36 (KHTML, like Gecko) Chrome/70.0.3538.77 Safari/537.36"
::ffff:127.0.0.1 - - [02/Nov/2018:11:32:39 +0000] "GET /users/getAll HTTP/1.1" 200 13 "-" "Mozilla/5.0 (Windows NT 10.0; Win64; x64) AppleWebKit/537.36 (KHTML, like Gecko) Chrome/70.0.3538.77 Safari/537.36"
::1 - - [02/Nov/2018:11:33:38 +0000] "GET /users/getAll HTTP/1.1" 304 - "-" "Mozilla/5.0 (Windows NT 10.0; Win64; x64) AppleWebKit/537.36 (KHTML, like Gecko) Chrome/70.0.3538.77 Safari/537.36"
::1 - - [02/Nov/2018:11:33:40 +0000] "GET /users/getAll HTTP/1.1" 304 - "-" "Mozilla/5.0 (Windows NT 10.0; Win64; x64) AppleWebKit/537.36 (KHTML, like Gecko) Chrome/70.0.3538.77 Safari/537.36"
::1 - - [02/Nov/2018:11:34:54 +0000] "GET /users/getAll HTTP/1.1" 304 - "-" "Mozilla/5.0 (Windows NT 10.0; Win64; x64) AppleWebKit/537.36 (KHTML, like Gecko) Chrome/70.0.3538.77 Safari/537.36"
::1 - - [02/Nov/2018:12:12:24 +0000] "GET /users/getAll HTTP/1.1" 304 - "-" "Mozilla/5.0 (Windows NT 10.0; Win64; x64) AppleWebKit/537.36 (KHTML, like Gecko) Chrome/70.0.3538.77 Safari/537.36"
::1 - - [02/Nov/2018:12:12:24 +0000] "GET /favicon.ico HTTP/1.1" 404 150 "http://localhost:8081/users/getAll" "Mozilla/5.0 (Windows NT 10.0; Win64; x64) AppleWebKit/537.36 (KHTML, like Gecko) Chrome/70.0.3538.77 Safari/537.36"
::1 - - [02/Nov/2018:12:12:27 +0000] "GET /users/getAll HTTP/1.1" 304 - "-" "Mozilla/5.0 (Windows NT 10.0; Win64; x64) AppleWebKit/537.36 (KHTML, like Gecko) Chrome/70.0.3538.77 Safari/537.36"
::1 - - [02/Nov/2018:12:15:15 +0000] "GET /users/getAll HTTP/1.1" 200 6 "-" "Mozilla/5.0 (Windows NT 10.0; Win64; x64) AppleWebKit/537.36 (KHTML, like Gecko) Chrome/70.0.3538.77 Safari/537.36"
::1 - - [02/Nov/2018:12:15:20 +0000] "GET /users/getOne HTTP/1.1" 404 151 "-" "Mozilla/5.0 (Windows NT 10.0; Win64; x64) AppleWebKit/537.36 (KHTML, like Gecko) Chrome/70.0.3538.77 Safari/537.36"
::1 - - [02/Nov/2018:12:15:50 +0000] "GET /users/getOne HTTP/1.1" 404 151 "-" "Mozilla/5.0 (Windows NT 10.0; Win64; x64) AppleWebKit/537.36 (KHTML, like Gecko) Chrome/70.0.3538.77 Safari/537.36"
::1 - - [02/Nov/2018:12:15:55 +0000] "GET /users/get-one HTTP/1.1" 404 152 "-" "Mozilla/5.0 (Windows NT 10.0; Win64; x64) AppleWebKit/537.36 (KHTML, like Gecko) Chrome/70.0.3538.77 Safari/537.36"
::1 - - [02/Nov/2018:12:15:57 +0000] "GET /users/get-one HTTP/1.1" 404 152 "-" "Mozilla/5.0 (Windows NT 10.0; Win64; x64) AppleWebKit/537.36 (KHTML, like Gecko) Chrome/70.0.3538.77 Safari/537.36"
::ffff:127.0.0.1 - - [02/Nov/2018:12:16:04 +0000] "GET /users/get-one HTTP/1.1" 200 6 "-" "Mozilla/5.0 (Windows NT 10.0; Win64; x64) AppleWebKit/537.36 (KHTML, like Gecko) Chrome/70.0.3538.77 Safari/537.36"
::1 - - [02/Nov/2018:12:17:32 +0000] "GET /users/get-one HTTP/1.1" 304 - "-" "Mozilla/5.0 (Windows NT 10.0; Win64; x64) AppleWebKit/537.36 (KHTML, like Gecko) Chrome/70.0.3538.77 Safari/537.36"
::1 - - [02/Nov/2018:12:17:37 +0000] "GET /auth/signup HTTP/1.1" 304 - "-" "Mozilla/5.0 (Windows NT 10.0; Win64; x64) AppleWebKit/537.36 (KHTML, like Gecko) Chrome/70.0.3538.77 Safari/537.36"
::1 - - [02/Nov/2018:12:17:42 +0000] "GET /auth/login HTTP/1.1" 404 149 "-" "Mozilla/5.0 (Windows NT 10.0; Win64; x64) AppleWebKit/537.36 (KHTML, like Gecko) Chrome/70.0.3538.77 Safari/537.36"
::1 - - [02/Nov/2018:12:17:55 +0000] "GET /auth/login HTTP/1.1" 200 5 "-" "Mozilla/5.0 (Windows NT 10.0; Win64; x64) AppleWebKit/537.36 (KHTML, like Gecko) Chrome/70.0.3538.77 Safari/537.36"
::1 - - [02/Nov/2018:12:17:58 +0000] "GET /auth/signup HTTP/1.1" 200 6 "-" "Mozilla/5.0 (Windows NT 10.0; Win64; x64) AppleWebKit/537.36 (KHTML, like Gecko) Chrome/70.0.3538.77 Safari/537.36"
::1 - - [05/Nov/2018:04:39:08 +0000] "POST /user/create HTTP/1.1" 404 151 "-" "PostmanRuntime/7.3.0"
::1 - - [05/Nov/2018:04:39:22 +0000] "POST /user/create HTTP/1.1" 404 151 "-" "PostmanRuntime/7.3.0"
::1 - - [05/Nov/2018:04:39:36 +0000] "POST /user/create HTTP/1.1" 404 151 "-" "PostmanRuntime/7.3.0"
::1 - - [05/Nov/2018:04:40:14 +0000] "GET /users/getAll HTTP/1.1" 404 151 "-" "Mozilla/5.0 (Windows NT 10.0; Win64; x64) AppleWebKit/537.36 (KHTML, like Gecko) Chrome/70.0.3538.77 Safari/537.36"
::1 - - [05/Nov/2018:04:40:14 +0000] "GET /favicon.ico HTTP/1.1" 404 150 "http://localhost:8081/users/getAll" "Mozilla/5.0 (Windows NT 10.0; Win64; x64) AppleWebKit/537.36 (KHTML, like Gecko) Chrome/70.0.3538.77 Safari/537.36"
::1 - - [05/Nov/2018:04:40:58 +0000] "GET /users/create HTTP/1.1" 404 151 "-" "Mozilla/5.0 (Windows NT 10.0; Win64; x64) AppleWebKit/537.36 (KHTML, like Gecko) Chrome/70.0.3538.77 Safari/537.36"
::1 - - [05/Nov/2018:04:41:04 +0000] "GET /users/getAll HTTP/1.1" 404 151 "-" "Mozilla/5.0 (Windows NT 10.0; Win64; x64) AppleWebKit/537.36 (KHTML, like Gecko) Chrome/70.0.3538.77 Safari/537.36"
::1 - - [05/Nov/2018:04:41:36 +0000] "POST /user/create HTTP/1.1" 404 151 "-" "PostmanRuntime/7.3.0"
::1 - - [05/Nov/2018:04:41:43 +0000] "POST /users/create HTTP/1.1" 200 6 "-" "PostmanRuntime/7.3.0"
::1 - - [05/Nov/2018:04:41:51 +0000] "POST /users/getAll HTTP/1.1" 404 152 "-" "PostmanRuntime/7.3.0"
::1 - - [05/Nov/2018:04:41:56 +0000] "GET /users/getAll HTTP/1.1" 404 151 "-" "PostmanRuntime/7.3.0"
::1 - - [05/Nov/2018:04:42:07 +0000] "POST /users/create HTTP/1.1" 200 6 "-" "PostmanRuntime/7.3.0"
::1 - - [05/Nov/2018:04:42:30 +0000] "GET /users/get-all HTTP/1.1" 200 6 "-" "Mozilla/5.0 (Windows NT 10.0; Win64; x64) AppleWebKit/537.36 (KHTML, like Gecko) Chrome/70.0.3538.77 Safari/537.36"
::1 - - [05/Nov/2018:04:47:18 +0000] "POST /users/create HTTP/1.1" 200 183 "-" "PostmanRuntime/7.3.0"
::1 - - [05/Nov/2018:04:55:16 +0000] "POST /users/create HTTP/1.1" 200 285 "-" "PostmanRuntime/7.3.0"
::1 - - [05/Nov/2018:05:01:52 +0000] "POST /users/create HTTP/1.1" - - "-" "PostmanRuntime/7.3.0"
::1 - - [05/Nov/2018:05:16:26 +0000] "POST /users/create HTTP/1.1" 500 1993 "-" "PostmanRuntime/7.3.0"
::1 - - [05/Nov/2018:05:19:10 +0000] "POST /users/create HTTP/1.1" - - "-" "PostmanRuntime/7.3.0"
::ffff:127.0.0.1 - - [05/Nov/2018:06:35:54 +0000] "POST /users/create HTTP/1.1" - - "-" "PostmanRuntime/7.3.0"
::1 - - [05/Nov/2018:06:47:08 +0000] "POST /users/create HTTP/1.1" - - "-" "PostmanRuntime/7.3.0"
::1 - - [05/Nov/2018:06:49:10 +0000] "POST /users/create HTTP/1.1" - - "-" "PostmanRuntime/7.3.0"
::1 - - [05/Nov/2018:06:50:31 +0000] "POST /users/create HTTP/1.1" - - "-" "PostmanRuntime/7.3.0"
::ffff:127.0.0.1 - - [05/Nov/2018:06:52:19 +0000] "POST /users/create HTTP/1.1" - - "-" "PostmanRuntime/7.3.0"
::1 - - [05/Nov/2018:06:54:21 +0000] "POST /users/create HTTP/1.1" - - "-" "PostmanRuntime/7.3.0"
::1 - - [05/Nov/2018:06:57:57 +0000] "POST /users/create HTTP/1.1" - - "-" "PostmanRuntime/7.3.0"
::1 - - [05/Nov/2018:06:58:15 +0000] "POST /users/create HTTP/1.1" 500 57 "-" "PostmanRuntime/7.3.0"
::1 - - [05/Nov/2018:06:58:40 +0000] "POST /users/create HTTP/1.1" 500 57 "-" "PostmanRuntime/7.3.0"
::1 - - [05/Nov/2018:06:58:52 +0000] "POST /users/create HTTP/1.1" 500 57 "-" "PostmanRuntime/7.3.0"
::1 - - [05/Nov/2018:06:59:23 +0000] "POST /users/create HTTP/1.1" 500 57 "-" "PostmanRuntime/7.3.0"
::1 - - [05/Nov/2018:07:00:01 +0000] "POST /users/create HTTP/1.1" 500 57 "-" "PostmanRuntime/7.3.0"
::1 - - [05/Nov/2018:07:00:06 +0000] "POST /users/create HTTP/1.1" 500 57 "-" "PostmanRuntime/7.3.0"
::1 - - [05/Nov/2018:07:00:33 +0000] "POST /users/create HTTP/1.1" 500 57 "-" "PostmanRuntime/7.3.0"
::1 - - [05/Nov/2018:07:00:34 +0000] "POST /users/create HTTP/1.1" 500 57 "-" "PostmanRuntime/7.3.0"
::1 - - [05/Nov/2018:07:00:42 +0000] "POST /users/create HTTP/1.1" 422 251 "-" "PostmanRuntime/7.3.0"
::1 - - [05/Nov/2018:07:17:07 +0000] "POST /users/create HTTP/1.1" 200 274 "-" "PostmanRuntime/7.3.0"
::1 - - [05/Nov/2018:07:17:31 +0000] "GET /users/get-all HTTP/1.1" 200 6 "-" "PostmanRuntime/7.3.0"
::1 - - [05/Nov/2018:07:18:27 +0000] "GET /users/get-all HTTP/1.1" 200 6 "-" "PostmanRuntime/7.3.0"
::1 - - [05/Nov/2018:07:18:29 +0000] "GET /users/get-all HTTP/1.1" 200 6 "-" "PostmanRuntime/7.3.0"
::1 - - [05/Nov/2018:07:18:35 +0000] "GET /users/get-all HTTP/1.1" 200 620 "-" "PostmanRuntime/7.3.0"
::1 - - [05/Nov/2018:07:20:13 +0000] "GET /users/get-one/5bdfcd34fdc5390ae852b2d0 HTTP/1.1" 404 177 "-" "PostmanRuntime/7.3.0"
::1 - - [05/Nov/2018:07:20:32 +0000] "GET /users/get-one/5bdfcd34fdc5390ae852b2d0 HTTP/1.1" 200 285 "-" "PostmanRuntime/7.3.0"
::1 - - [05/Nov/2018:07:20:35 +0000] "GET /users/get-one/5bdfcd34fdc5390ae852b2d0 HTTP/1.1" 200 285 "-" "PostmanRuntime/7.3.0"
::1 - - [05/Nov/2018:07:21:19 +0000] "GET /users/get-one/5bdfcd34fdc5390ae852b2d0 HTTP/1.1" 200 285 "-" "PostmanRuntime/7.3.0"
::1 - - [05/Nov/2018:07:21:25 +0000] "GET /users/get-one/5bdfcd34fdc5390ae852b2d0 HTTP/1.1" 200 278 "-" "PostmanRuntime/7.3.0"
::1 - - [05/Nov/2018:07:24:07 +0000] "PUT /users/update/5bdfcd34fdc5390ae852b2d0 HTTP/1.1" 200 278 "-" "PostmanRuntime/7.3.0"
::1 - - [05/Nov/2018:07:24:15 +0000] "PUT /users/update/5bdfcd34fdc5390ae852b2d0 HTTP/1.1" 200 278 "-" "PostmanRuntime/7.3.0"
::1 - - [05/Nov/2018:07:24:22 +0000] "PUT /users/update/5bdfcd34fdc5390ae852b2d0 HTTP/1.1" 200 56 "-" "PostmanRuntime/7.3.0"
::1 - - [05/Nov/2018:07:24:44 +0000] "PUT /users/update/5bdfcd34fdc5390ae852b2d0 HTTP/1.1" 200 56 "-" "PostmanRuntime/7.3.0"
::1 - - [05/Nov/2018:07:24:44 +0000] "PUT /users/update/5bdfcd34fdc5390ae852b2d0 HTTP/1.1" 200 56 "-" "PostmanRuntime/7.3.0"
::ffff:127.0.0.1 - - [05/Nov/2018:07:24:50 +0000] "PUT /users/update/5bdfcd34fdc5390ae852b2d0 HTTP/1.1" 500 57 "-" "PostmanRuntime/7.3.0"
::1 - - [05/Nov/2018:07:25:56 +0000] "PUT /users/update/5bdfcd34fdc5390ae852b2d0 HTTP/1.1" 500 57 "-" "PostmanRuntime/7.3.0"
::1 - - [05/Nov/2018:07:26:24 +0000] "PUT /users/update/5bdfcd34fdc5390ae852b2d0 HTTP/1.1" 500 57 "-" "PostmanRuntime/7.3.0"
::1 - - [05/Nov/2018:07:26:35 +0000] "PUT /users/update/5bdfcd34fdc5390ae852b2d0 HTTP/1.1" 500 57 "-" "PostmanRuntime/7.3.0"
::1 - - [05/Nov/2018:08:54:01 +0000] "PUT /users/update/5bdfcd34fdc5390ae852b2d0 HTTP/1.1" 500 57 "-" "PostmanRuntime/7.3.0"
::1 - - [05/Nov/2018:08:54:29 +0000] "PUT /users/update/5bdfcd34fdc5390ae852b2d0 HTTP/1.1" 500 57 "-" "PostmanRuntime/7.3.0"
::1 - - [05/Nov/2018:08:55:15 +0000] "PUT /users/update/5bdfcd34fdc5390ae852b2d0 HTTP/1.1" 500 57 "-" "PostmanRuntime/7.3.0"
::1 - - [05/Nov/2018:08:55:16 +0000] "PUT /users/update/5bdfcd34fdc5390ae852b2d0 HTTP/1.1" 500 57 "-" "PostmanRuntime/7.3.0"
::1 - - [05/Nov/2018:08:55:17 +0000] "PUT /users/update/5bdfcd34fdc5390ae852b2d0 HTTP/1.1" 500 57 "-" "PostmanRuntime/7.3.0"
::1 - - [05/Nov/2018:08:57:54 +0000] "PUT /users/update/5bdfcd34fdc5390ae852b2d0 HTTP/1.1" 500 57 "-" "PostmanRuntime/7.3.0"
::1 - - [05/Nov/2018:08:57:55 +0000] "PUT /users/update/5bdfcd34fdc5390ae852b2d0 HTTP/1.1" 500 57 "-" "PostmanRuntime/7.3.0"
::1 - - [05/Nov/2018:08:58:19 +0000] "PUT /users/update/5bdfcd34fdc5390ae852b2d0 HTTP/1.1" 500 57 "-" "PostmanRuntime/7.3.0"
::1 - - [05/Nov/2018:08:58:55 +0000] "PUT /users/update/5bdfcd34fdc5390ae852b2d0 HTTP/1.1" 500 57 "-" "PostmanRuntime/7.3.0"
::1 - - [05/Nov/2018:08:58:56 +0000] "PUT /users/update/5bdfcd34fdc5390ae852b2d0 HTTP/1.1" 500 57 "-" "PostmanRuntime/7.3.0"
::1 - - [05/Nov/2018:08:59:10 +0000] "PUT /users/update/5bdfcd34fdc5390ae852b2d0 HTTP/1.1" 500 57 "-" "PostmanRuntime/7.3.0"
::1 - - [05/Nov/2018:09:10:29 +0000] "PUT /users/update/5bdfcd34fdc5390ae852b2d0 HTTP/1.1" 500 57 "-" "PostmanRuntime/7.3.0"
::1 - - [05/Nov/2018:09:11:20 +0000] "PUT /users/update/5bdfcd34fdc5390ae852b2d0 HTTP/1.1" 500 57 "-" "PostmanRuntime/7.3.0"
::1 - - [05/Nov/2018:09:11:43 +0000] "PUT /users/update/5bdfcd34fdc5390ae852b2d0 HTTP/1.1" 200 83 "-" "PostmanRuntime/7.3.0"
::ffff:127.0.0.1 - - [05/Nov/2018:09:12:14 +0000] "PUT /users/update/5bdfcd34fdc5390ae852b2d0 HTTP/1.1" 200 83 "-" "PostmanRuntime/7.3.0"
::1 - - [05/Nov/2018:09:12:21 +0000] "GET /users/get-one/5bdfcd34fdc5390ae852b2d0 HTTP/1.1" 200 278 "-" "PostmanRuntime/7.3.0"
::1 - - [05/Nov/2018:09:12:29 +0000] "PUT /users/update/5bdfcd34fdc5390ae852b2d0 HTTP/1.1" 200 83 "-" "PostmanRuntime/7.3.0"
::1 - - [05/Nov/2018:09:12:32 +0000] "GET /users/get-one/5bdfcd34fdc5390ae852b2d0 HTTP/1.1" 200 276 "-" "PostmanRuntime/7.3.0"
::1 - - [05/Nov/2018:09:12:38 +0000] "GET /users/get-all HTTP/1.1" 200 611 "-" "PostmanRuntime/7.3.0"
::1 - - [05/Nov/2018:09:15:09 +0000] "DELETE /users/delete/5bdfcb56c512161adc12fa77 HTTP/1.1" 200 69 "-" "PostmanRuntime/7.3.0"
::1 - - [05/Nov/2018:09:15:14 +0000] "GET /users/get-all HTTP/1.1" 200 490 "-" "PostmanRuntime/7.3.0"
::1 - - [05/Nov/2018:09:17:48 +0000] "GET / HTTP/1.1" 404 139 "-" "Mozilla/5.0 (Windows NT 10.0; Win64; x64) AppleWebKit/537.36 (KHTML, like Gecko) Chrome/70.0.3538.77 Safari/537.36"
::1 - - [05/Nov/2018:09:18:45 +0000] "GET / HTTP/1.1" 404 139 "-" "Mozilla/5.0 (Windows NT 10.0; Win64; x64) AppleWebKit/537.36 (KHTML, like Gecko) Chrome/70.0.3538.77 Safari/537.36"
::1 - - [05/Nov/2018:09:19:20 +0000] "GET /users/get-all HTTP/1.1" 200 490 "-" "PostmanRuntime/7.3.0"
::1 - - [05/Nov/2018:09:19:29 +0000] "DELETE /users/delete/5bdfee7383c04727047dfd45 HTTP/1.1" 200 69 "-" "PostmanRuntime/7.3.0"
::1 - - [05/Nov/2018:09:19:33 +0000] "GET /users/get-all HTTP/1.1" 200 278 "-" "PostmanRuntime/7.3.0"
::1 - - [05/Nov/2018:09:19:40 +0000] "GET / HTTP/1.1" 500 1947 "-" "Mozilla/5.0 (Windows NT 10.0; Win64; x64) AppleWebKit/537.36 (KHTML, like Gecko) Chrome/70.0.3538.77 Safari/537.36"
::1 - - [05/Nov/2018:09:20:08 +0000] "GET / HTTP/1.1" 500 1947 "-" "Mozilla/5.0 (Windows NT 10.0; Win64; x64) AppleWebKit/537.36 (KHTML, like Gecko) Chrome/70.0.3538.77 Safari/537.36"
::1 - - [05/Nov/2018:09:20:08 +0000] "GET / HTTP/1.1" 500 1947 "-" "Mozilla/5.0 (Windows NT 10.0; Win64; x64) AppleWebKit/537.36 (KHTML, like Gecko) Chrome/70.0.3538.77 Safari/537.36"
::1 - - [05/Nov/2018:09:20:09 +0000] "GET / HTTP/1.1" 500 1947 "-" "Mozilla/5.0 (Windows NT 10.0; Win64; x64) AppleWebKit/537.36 (KHTML, like Gecko) Chrome/70.0.3538.77 Safari/537.36"
::1 - - [05/Nov/2018:09:20:09 +0000] "GET / HTTP/1.1" 500 1947 "-" "Mozilla/5.0 (Windows NT 10.0; Win64; x64) AppleWebKit/537.36 (KHTML, like Gecko) Chrome/70.0.3538.77 Safari/537.36"
::1 - - [05/Nov/2018:09:20:09 +0000] "GET / HTTP/1.1" 500 1947 "-" "Mozilla/5.0 (Windows NT 10.0; Win64; x64) AppleWebKit/537.36 (KHTML, like Gecko) Chrome/70.0.3538.77 Safari/537.36"
::1 - - [05/Nov/2018:09:20:17 +0000] "GET / HTTP/1.1" 500 1947 "-" "Mozilla/5.0 (Windows NT 10.0; Win64; x64) AppleWebKit/537.36 (KHTML, like Gecko) Chrome/70.0.3538.77 Safari/537.36"
::1 - - [05/Nov/2018:09:20:17 +0000] "GET / HTTP/1.1" 500 1947 "-" "Mozilla/5.0 (Windows NT 10.0; Win64; x64) AppleWebKit/537.36 (KHTML, like Gecko) Chrome/70.0.3538.77 Safari/537.36"
::1 - - [05/Nov/2018:09:20:17 +0000] "GET / HTTP/1.1" 500 1947 "-" "Mozilla/5.0 (Windows NT 10.0; Win64; x64) AppleWebKit/537.36 (KHTML, like Gecko) Chrome/70.0.3538.77 Safari/537.36"
::1 - - [05/Nov/2018:09:20:17 +0000] "GET / HTTP/1.1" 500 1947 "-" "Mozilla/5.0 (Windows NT 10.0; Win64; x64) AppleWebKit/537.36 (KHTML, like Gecko) Chrome/70.0.3538.77 Safari/537.36"
::1 - - [05/Nov/2018:09:20:26 +0000] "GET / HTTP/1.1" 404 226 "-" "Mozilla/5.0 (Windows NT 10.0; Win64; x64) AppleWebKit/537.36 (KHTML, like Gecko) Chrome/70.0.3538.77 Safari/537.36"
::1 - - [05/Nov/2018:09:21:28 +0000] "GET /users/get-all HTTP/1.1" 200 278 "-" "PostmanRuntime/7.3.0"
::1 - - [05/Nov/2018:09:21:31 +0000] "GET / HTTP/1.1" 404 226 "-" "Mozilla/5.0 (Windows NT 10.0; Win64; x64) AppleWebKit/537.36 (KHTML, like Gecko) Chrome/70.0.3538.77 Safari/537.36"
::1 - - [05/Nov/2018:09:21:32 +0000] "GET / HTTP/1.1" 404 226 "-" "Mozilla/5.0 (Windows NT 10.0; Win64; x64) AppleWebKit/537.36 (KHTML, like Gecko) Chrome/70.0.3538.77 Safari/537.36"
::1 - - [05/Nov/2018:09:21:32 +0000] "GET / HTTP/1.1" 404 226 "-" "Mozilla/5.0 (Windows NT 10.0; Win64; x64) AppleWebKit/537.36 (KHTML, like Gecko) Chrome/70.0.3538.77 Safari/537.36"
::1 - - [05/Nov/2018:09:21:33 +0000] "GET / HTTP/1.1" 404 226 "-" "Mozilla/5.0 (Windows NT 10.0; Win64; x64) AppleWebKit/537.36 (KHTML, like Gecko) Chrome/70.0.3538.77 Safari/537.36"
::1 - - [05/Nov/2018:09:21:33 +0000] "GET / HTTP/1.1" 404 226 "-" "Mozilla/5.0 (Windows NT 10.0; Win64; x64) AppleWebKit/537.36 (KHTML, like Gecko) Chrome/70.0.3538.77 Safari/537.36"
::1 - - [05/Nov/2018:09:21:43 +0000] "GET / HTTP/1.1" 200 343 "-" "Mozilla/5.0 (Windows NT 10.0; Win64; x64) AppleWebKit/537.36 (KHTML, like Gecko) Chrome/70.0.3538.77 Safari/537.36"
::1 - - [05/Nov/2018:09:21:43 +0000] "GET /mov_bbb.mp4 HTTP/1.1" 404 150 "http://localhost:8081/" "Mozilla/5.0 (Windows NT 10.0; Win64; x64) AppleWebKit/537.36 (KHTML, like Gecko) Chrome/70.0.3538.77 Safari/537.36"
::1 - - [05/Nov/2018:09:22:17 +0000] "GET / HTTP/1.1" 200 344 "-" "Mozilla/5.0 (Windows NT 10.0; Win64; x64) AppleWebKit/537.36 (KHTML, like Gecko) Chrome/70.0.3538.77 Safari/537.36"
::1 - - [05/Nov/2018:09:22:17 +0000] "GET /mov_bbb.mp4 HTTP/1.1" 404 150 "http://localhost:8081/" "Mozilla/5.0 (Windows NT 10.0; Win64; x64) AppleWebKit/537.36 (KHTML, like Gecko) Chrome/70.0.3538.77 Safari/537.36"
::1 - - [05/Nov/2018:09:22:49 +0000] "GET /users/get-all HTTP/1.1" 200 278 "-" "PostmanRuntime/7.3.0"
::1 - - [05/Nov/2018:09:27:57 +0000] "GET / HTTP/1.1" 200 331 "-" "Mozilla/5.0 (Windows NT 10.0; Win64; x64) AppleWebKit/537.36 (KHTML, like Gecko) Chrome/70.0.3538.77 Safari/537.36"
::1 - - [05/Nov/2018:09:27:57 +0000] "GET /mov_bbb.mp4 HTTP/1.1" 404 150 "http://localhost:8081/" "Mozilla/5.0 (Windows NT 10.0; Win64; x64) AppleWebKit/537.36 (KHTML, like Gecko) Chrome/70.0.3538.77 Safari/537.36"
::1 - - [05/Nov/2018:09:28:06 +0000] "GET / HTTP/1.1" 304 - "-" "Mozilla/5.0 (Windows NT 10.0; Win64; x64) AppleWebKit/537.36 (KHTML, like Gecko) Chrome/70.0.3538.77 Safari/537.36"
::1 - - [05/Nov/2018:09:28:06 +0000] "GET /mov_bbb.mp4 HTTP/1.1" 404 150 "http://localhost:8081/" "Mozilla/5.0 (Windows NT 10.0; Win64; x64) AppleWebKit/537.36 (KHTML, like Gecko) Chrome/70.0.3538.77 Safari/537.36"
::1 - - [05/Nov/2018:09:28:23 +0000] "GET / HTTP/1.1" 200 320 "-" "Mozilla/5.0 (Windows NT 10.0; Win64; x64) AppleWebKit/537.36 (KHTML, like Gecko) Chrome/70.0.3538.77 Safari/537.36"
::1 - - [05/Nov/2018:09:28:23 +0000] "GET /users/streaming HTTP/1.1" 404 154 "http://localhost:8081/" "Mozilla/5.0 (Windows NT 10.0; Win64; x64) AppleWebKit/537.36 (KHTML, like Gecko) Chrome/70.0.3538.77 Safari/537.36"
::1 - - [05/Nov/2018:09:28:30 +0000] "GET /users/streaming HTTP/1.1" 404 154 "-" "Mozilla/5.0 (Windows NT 10.0; Win64; x64) AppleWebKit/537.36 (KHTML, like Gecko) Chrome/70.0.3538.77 Safari/537.36"
::1 - - [05/Nov/2018:09:29:15 +0000] "GET / HTTP/1.1" 304 - "-" "Mozilla/5.0 (Windows NT 10.0; Win64; x64) AppleWebKit/537.36 (KHTML, like Gecko) Chrome/70.0.3538.77 Safari/537.36"
::1 - - [05/Nov/2018:09:29:15 +0000] "GET /users/streaming HTTP/1.1" 500 2001 "http://localhost:8081/" "Mozilla/5.0 (Windows NT 10.0; Win64; x64) AppleWebKit/537.36 (KHTML, like Gecko) Chrome/70.0.3538.77 Safari/537.36"
::1 - - [05/Nov/2018:09:29:44 +0000] "GET / HTTP/1.1" 304 - "-" "Mozilla/5.0 (Windows NT 10.0; Win64; x64) AppleWebKit/537.36 (KHTML, like Gecko) Chrome/70.0.3538.77 Safari/537.36"
::1 - - [05/Nov/2018:09:29:44 +0000] "GET /users/streaming HTTP/1.1" 500 2001 "http://localhost:8081/" "Mozilla/5.0 (Windows NT 10.0; Win64; x64) AppleWebKit/537.36 (KHTML, like Gecko) Chrome/70.0.3538.77 Safari/537.36"
::ffff:127.0.0.1 - - [05/Nov/2018:09:30:14 +0000] "GET /users/get-all HTTP/1.1" 200 278 "-" "PostmanRuntime/7.3.0"
::1 - - [05/Nov/2018:09:30:19 +0000] "GET / HTTP/1.1" 304 - "-" "Mozilla/5.0 (Windows NT 10.0; Win64; x64) AppleWebKit/537.36 (KHTML, like Gecko) Chrome/70.0.3538.77 Safari/537.36"
::1 - - [05/Nov/2018:09:30:19 +0000] "GET /users/streaming HTTP/1.1" 500 1968 "http://localhost:8081/" "Mozilla/5.0 (Windows NT 10.0; Win64; x64) AppleWebKit/537.36 (KHTML, like Gecko) Chrome/70.0.3538.77 Safari/537.36"
::1 - - [05/Nov/2018:09:30:45 +0000] "GET / HTTP/1.1" 304 - "-" "Mozilla/5.0 (Windows NT 10.0; Win64; x64) AppleWebKit/537.36 (KHTML, like Gecko) Chrome/70.0.3538.77 Safari/537.36"
::1 - - [05/Nov/2018:09:30:45 +0000] "GET /users/streaming HTTP/1.1" 500 1968 "http://localhost:8081/" "Mozilla/5.0 (Windows NT 10.0; Win64; x64) AppleWebKit/537.36 (KHTML, like Gecko) Chrome/70.0.3538.77 Safari/537.36"
::1 - - [05/Nov/2018:09:31:01 +0000] "GET / HTTP/1.1" 304 - "-" "Mozilla/5.0 (Windows NT 10.0; Win64; x64) AppleWebKit/537.36 (KHTML, like Gecko) Chrome/70.0.3538.77 Safari/537.36"
::1 - - [05/Nov/2018:09:31:01 +0000] "GET /users/streaming HTTP/1.1" 500 1968 "http://localhost:8081/" "Mozilla/5.0 (Windows NT 10.0; Win64; x64) AppleWebKit/537.36 (KHTML, like Gecko) Chrome/70.0.3538.77 Safari/537.36"
::1 - - [05/Nov/2018:09:31:16 +0000] "GET / HTTP/1.1" 304 - "-" "Mozilla/5.0 (Windows NT 10.0; Win64; x64) AppleWebKit/537.36 (KHTML, like Gecko) Chrome/70.0.3538.77 Safari/537.36"
::1 - - [05/Nov/2018:09:31:16 +0000] "GET /users/streaming HTTP/1.1" 500 2003 "http://localhost:8081/" "Mozilla/5.0 (Windows NT 10.0; Win64; x64) AppleWebKit/537.36 (KHTML, like Gecko) Chrome/70.0.3538.77 Safari/537.36"
::1 - - [05/Nov/2018:09:31:34 +0000] "GET / HTTP/1.1" 304 - "-" "Mozilla/5.0 (Windows NT 10.0; Win64; x64) AppleWebKit/537.36 (KHTML, like Gecko) Chrome/70.0.3538.77 Safari/537.36"
::1 - - [05/Nov/2018:09:31:34 +0000] "GET /users/streaming HTTP/1.1" 500 2003 "http://localhost:8081/" "Mozilla/5.0 (Windows NT 10.0; Win64; x64) AppleWebKit/537.36 (KHTML, like Gecko) Chrome/70.0.3538.77 Safari/537.36"
::1 - - [05/Nov/2018:09:31:53 +0000] "GET / HTTP/1.1" 304 - "-" "Mozilla/5.0 (Windows NT 10.0; Win64; x64) AppleWebKit/537.36 (KHTML, like Gecko) Chrome/70.0.3538.77 Safari/537.36"
::1 - - [05/Nov/2018:09:31:53 +0000] "GET /users/streaming HTTP/1.1" 500 2003 "http://localhost:8081/" "Mozilla/5.0 (Windows NT 10.0; Win64; x64) AppleWebKit/537.36 (KHTML, like Gecko) Chrome/70.0.3538.77 Safari/537.36"
::1 - - [05/Nov/2018:09:32:36 +0000] "GET / HTTP/1.1" 304 - "-" "Mozilla/5.0 (Windows NT 10.0; Win64; x64) AppleWebKit/537.36 (KHTML, like Gecko) Chrome/70.0.3538.77 Safari/537.36"
::1 - - [05/Nov/2018:09:32:36 +0000] "GET /users/streaming HTTP/1.1" 500 2003 "http://localhost:8081/" "Mozilla/5.0 (Windows NT 10.0; Win64; x64) AppleWebKit/537.36 (KHTML, like Gecko) Chrome/70.0.3538.77 Safari/537.36"
::1 - - [05/Nov/2018:09:33:32 +0000] "GET / HTTP/1.1" 304 - "-" "Mozilla/5.0 (Windows NT 10.0; Win64; x64) AppleWebKit/537.36 (KHTML, like Gecko) Chrome/70.0.3538.77 Safari/537.36"
::1 - - [05/Nov/2018:09:33:32 +0000] "GET /users/streaming HTTP/1.1" 500 2003 "http://localhost:8081/" "Mozilla/5.0 (Windows NT 10.0; Win64; x64) AppleWebKit/537.36 (KHTML, like Gecko) Chrome/70.0.3538.77 Safari/537.36"
::1 - - [05/Nov/2018:09:34:20 +0000] "GET / HTTP/1.1" 304 - "-" "Mozilla/5.0 (Windows NT 10.0; Win64; x64) AppleWebKit/537.36 (KHTML, like Gecko) Chrome/70.0.3538.77 Safari/537.36"
::1 - - [05/Nov/2018:09:34:20 +0000] "GET /users/streaming HTTP/1.1" 500 2018 "http://localhost:8081/" "Mozilla/5.0 (Windows NT 10.0; Win64; x64) AppleWebKit/537.36 (KHTML, like Gecko) Chrome/70.0.3538.77 Safari/537.36"
::1 - - [05/Nov/2018:09:36:23 +0000] "GET / HTTP/1.1" 304 - "-" "Mozilla/5.0 (Windows NT 10.0; Win64; x64) AppleWebKit/537.36 (KHTML, like Gecko) Chrome/70.0.3538.77 Safari/537.36"
::1 - - [05/Nov/2018:09:36:23 +0000] "GET /users/streaming HTTP/1.1" 500 2018 "http://localhost:8081/" "Mozilla/5.0 (Windows NT 10.0; Win64; x64) AppleWebKit/537.36 (KHTML, like Gecko) Chrome/70.0.3538.77 Safari/537.36"
::1 - - [05/Nov/2018:09:36:41 +0000] "GET / HTTP/1.1" 304 - "-" "Mozilla/5.0 (Windows NT 10.0; Win64; x64) AppleWebKit/537.36 (KHTML, like Gecko) Chrome/70.0.3538.77 Safari/537.36"
::1 - - [05/Nov/2018:09:36:41 +0000] "GET /users/streaming HTTP/1.1" 500 1977 "http://localhost:8081/" "Mozilla/5.0 (Windows NT 10.0; Win64; x64) AppleWebKit/537.36 (KHTML, like Gecko) Chrome/70.0.3538.77 Safari/537.36"
::ffff:127.0.0.1 - - [05/Nov/2018:09:37:11 +0000] "GET / HTTP/1.1" 304 - "-" "Mozilla/5.0 (Windows NT 10.0; Win64; x64) AppleWebKit/537.36 (KHTML, like Gecko) Chrome/70.0.3538.77 Safari/537.36"
::ffff:127.0.0.1 - - [05/Nov/2018:09:37:11 +0000] "GET /users/streaming HTTP/1.1" 500 2020 "http://localhost:8081/" "Mozilla/5.0 (Windows NT 10.0; Win64; x64) AppleWebKit/537.36 (KHTML, like Gecko) Chrome/70.0.3538.77 Safari/537.36"
::1 - - [05/Nov/2018:09:37:25 +0000] "GET / HTTP/1.1" 304 - "-" "Mozilla/5.0 (Windows NT 10.0; Win64; x64) AppleWebKit/537.36 (KHTML, like Gecko) Chrome/70.0.3538.77 Safari/537.36"
::1 - - [05/Nov/2018:09:37:25 +0000] "GET /users/streaming HTTP/1.1" 500 2020 "http://localhost:8081/" "Mozilla/5.0 (Windows NT 10.0; Win64; x64) AppleWebKit/537.36 (KHTML, like Gecko) Chrome/70.0.3538.77 Safari/537.36"
::1 - - [05/Nov/2018:09:37:38 +0000] "GET / HTTP/1.1" 304 - "-" "Mozilla/5.0 (Windows NT 10.0; Win64; x64) AppleWebKit/537.36 (KHTML, like Gecko) Chrome/70.0.3538.77 Safari/537.36"
::1 - - [05/Nov/2018:09:37:38 +0000] "GET /users/streaming HTTP/1.1" 206 59177137 "http://localhost:8081/" "Mozilla/5.0 (Windows NT 10.0; Win64; x64) AppleWebKit/537.36 (KHTML, like Gecko) Chrome/70.0.3538.77 Safari/537.36"
::1 - - [05/Nov/2018:09:37:38 +0000] "GET /users/streaming HTTP/1.1" 206 56490161 "http://localhost:8081/" "Mozilla/5.0 (Windows NT 10.0; Win64; x64) AppleWebKit/537.36 (KHTML, like Gecko) Chrome/70.0.3538.77 Safari/537.36"
::1 - - [05/Nov/2018:09:38:30 +0000] "GET /users/streaming HTTP/1.1" 206 56162481 "http://localhost:8081/" "Mozilla/5.0 (Windows NT 10.0; Win64; x64) AppleWebKit/537.36 (KHTML, like Gecko) Chrome/70.0.3538.77 Safari/537.36"
::1 - - [05/Nov/2018:09:38:50 +0000] "GET / HTTP/1.1" 304 - "-" "Mozilla/5.0 (Windows NT 10.0; Win64; x64) AppleWebKit/537.36 (KHTML, like Gecko) Chrome/70.0.3538.77 Safari/537.36"
::1 - - [05/Nov/2018:09:38:50 +0000] "GET /users/streaming HTTP/1.1" 206 59177137 "http://localhost:8081/" "Mozilla/5.0 (Windows NT 10.0; Win64; x64) AppleWebKit/537.36 (KHTML, like Gecko) Chrome/70.0.3538.77 Safari/537.36"
::1 - - [05/Nov/2018:09:38:50 +0000] "GET /users/streaming HTTP/1.1" 206 56162481 "http://localhost:8081/" "Mozilla/5.0 (Windows NT 10.0; Win64; x64) AppleWebKit/537.36 (KHTML, like Gecko) Chrome/70.0.3538.77 Safari/537.36"
::1 - - [05/Nov/2018:09:39:31 +0000] "GET /users/streaming HTTP/1.1" 206 56031409 "http://localhost:8081/" "Mozilla/5.0 (Windows NT 10.0; Win64; x64) AppleWebKit/537.36 (KHTML, like Gecko) Chrome/70.0.3538.77 Safari/537.36"
::1 - - [05/Nov/2018:10:00:52 +0000] "GET / HTTP/1.1" 304 - "-" "Mozilla/5.0 (Windows NT 10.0; Win64; x64) AppleWebKit/537.36 (KHTML, like Gecko) Chrome/70.0.3538.77 Safari/537.36"
::1 - - [05/Nov/2018:10:00:52 +0000] "GET /users/streaming HTTP/1.1" 206 59177137 "http://localhost:8081/" "Mozilla/5.0 (Windows NT 10.0; Win64; x64) AppleWebKit/537.36 (KHTML, like Gecko) Chrome/70.0.3538.77 Safari/537.36"
::1 - - [05/Nov/2018:10:00:52 +0000] "GET /users/streaming HTTP/1.1" 206 56424625 "http://localhost:8081/" "Mozilla/5.0 (Windows NT 10.0; Win64; x64) AppleWebKit/537.36 (KHTML, like Gecko) Chrome/70.0.3538.77 Safari/537.36"
::1 - - [05/Nov/2018:10:00:57 +0000] "GET / HTTP/1.1" 304 - "-" "Mozilla/5.0 (Windows NT 10.0; Win64; x64) AppleWebKit/537.36 (KHTML, like Gecko) Chrome/70.0.3538.77 Safari/537.36"
::1 - - [05/Nov/2018:10:01:39 +0000] "GET /users/streaming HTTP/1.1" 206 56129713 "http://localhost:8081/" "Mozilla/5.0 (Windows NT 10.0; Win64; x64) AppleWebKit/537.36 (KHTML, like Gecko) Chrome/70.0.3538.77 Safari/537.36"
::1 - - [05/Nov/2018:10:01:55 +0000] "GET / HTTP/1.1" 304 - "-" "Mozilla/5.0 (Windows NT 10.0; Win64; x64) AppleWebKit/537.36 (KHTML, like Gecko) Chrome/70.0.3538.77 Safari/537.36"
::1 - - [05/Nov/2018:10:01:55 +0000] "GET /users/streaming HTTP/1.1" 206 59177137 "http://localhost:8081/" "Mozilla/5.0 (Windows NT 10.0; Win64; x64) AppleWebKit/537.36 (KHTML, like Gecko) Chrome/70.0.3538.77 Safari/537.36"
::1 - - [05/Nov/2018:10:01:55 +0000] "GET /users/streaming HTTP/1.1" 206 56490161 "http://localhost:8081/" "Mozilla/5.0 (Windows NT 10.0; Win64; x64) AppleWebKit/537.36 (KHTML, like Gecko) Chrome/70.0.3538.77 Safari/537.36"
::1 - - [05/Nov/2018:10:02:18 +0000] "GET /users/streaming HTTP/1.1" 206 56129713 "http://localhost:8081/" "Mozilla/5.0 (Windows NT 10.0; Win64; x64) AppleWebKit/537.36 (KHTML, like Gecko) Chrome/70.0.3538.77 Safari/537.36"
::1 - - [05/Nov/2018:10:05:55 +0000] "GET /users/get-all HTTP/1.1" 200 278 "-" "PostmanRuntime/7.3.0"
::1 - - [05/Nov/2018:10:06:17 +0000] "POST /users/create HTTP/1.1" 200 274 "-" "PostmanRuntime/7.3.0"
::1 - - [05/Nov/2018:10:06:27 +0000] "GET /users/get-all HTTP/1.1" 200 490 "-" "PostmanRuntime/7.3.0"
::1 - - [05/Nov/2018:10:08:38 +0000] "GET /users/get-all HTTP/1.1" 200 490 "-" "PostmanRuntime/7.3.0"
::1 - - [05/Nov/2018:10:08:40 +0000] "POST /users/create HTTP/1.1" 200 274 "-" "PostmanRuntime/7.3.0"
::1 - - [05/Nov/2018:10:08:42 +0000] "POST /users/create HTTP/1.1" 200 274 "-" "PostmanRuntime/7.3.0"
::1 - - [05/Nov/2018:10:08:44 +0000] "GET /users/get-all HTTP/1.1" 200 914 "-" "PostmanRuntime/7.3.0"
::1 - - [05/Nov/2018:10:11:05 +0000] "POST /users/create HTTP/1.1" 500 57 "-" "PostmanRuntime/7.3.0"
::1 - - [05/Nov/2018:10:13:25 +0000] "POST /users/create HTTP/1.1" 500 57 "-" "PostmanRuntime/7.3.0"
::1 - - [05/Nov/2018:10:13:37 +0000] "POST /users/create HTTP/1.1" 500 57 "-" "PostmanRuntime/7.3.0"
::1 - - [05/Nov/2018:10:13:53 +0000] "POST /users/create HTTP/1.1" 500 57 "-" "PostmanRuntime/7.3.0"
::1 - - [05/Nov/2018:10:14:02 +0000] "POST /users/create HTTP/1.1" 500 537 "-" "PostmanRuntime/7.3.0"
::1 - - [05/Nov/2018:10:15:10 +0000] "GET /users/get-all HTTP/1.1" 200 914 "-" "PostmanRuntime/7.3.0"
::1 - - [05/Nov/2018:10:15:16 +0000] "GET /users/get-all HTTP/1.1" 200 914 "-" "PostmanRuntime/7.3.0"
::1 - - [05/Nov/2018:10:15:31 +0000] "DELETE /users/delete/5be016aa144a71328c5816ae HTTP/1.1" 200 69 "-" "PostmanRuntime/7.3.0"
::1 - - [05/Nov/2018:10:15:39 +0000] "DELETE /users/delete/5be016a8144a71328c5816ad HTTP/1.1" 200 69 "-" "PostmanRuntime/7.3.0"
::1 - - [05/Nov/2018:10:15:41 +0000] "GET /users/get-all HTTP/1.1" 200 490 "-" "PostmanRuntime/7.3.0"
::1 - - [05/Nov/2018:10:16:43 +0000] "POST /login HTTP/1.1" 404 145 "-" "PostmanRuntime/7.3.0"
::1 - - [05/Nov/2018:10:16:57 +0000] "POST /auth/login HTTP/1.1" 404 150 "-" "PostmanRuntime/7.3.0"
::1 - - [05/Nov/2018:10:19:22 +0000] "POST /auth/login HTTP/1.1" - - "-" "PostmanRuntime/7.3.0"
::1 - - [05/Nov/2018:10:20:05 +0000] "POST /auth/login HTTP/1.1" 500 1670 "-" "PostmanRuntime/7.3.0"
::1 - - [05/Nov/2018:10:20:21 +0000] "POST /auth/login HTTP/1.1" 500 1670 "-" "PostmanRuntime/7.3.0"
::1 - - [05/Nov/2018:10:20:31 +0000] "POST /auth/login HTTP/1.1" 200 285 "-" "PostmanRuntime/7.3.0"
::1 - - [05/Nov/2018:10:20:33 +0000] "POST /auth/login HTTP/1.1" 200 285 "-" "PostmanRuntime/7.3.0"
::1 - - [05/Nov/2018:10:28:36 +0000] "POST /auth/login HTTP/1.1" 200 285 "-" "PostmanRuntime/7.3.0"
::ffff:127.0.0.1 - - [05/Nov/2018:10:33:23 +0000] "POST /auth/login HTTP/1.1" - - "-" "PostmanRuntime/7.3.0"
::1 - - [05/Nov/2018:10:33:35 +0000] "POST /auth/login HTTP/1.1" 200 727 "-" "PostmanRuntime/7.3.0"
::1 - - [05/Nov/2018:10:35:48 +0000] "GET /users/secure/get-all HTTP/1.1" - - "-" "PostmanRuntime/7.3.0"
::ffff:127.0.0.1 - - [05/Nov/2018:10:35:54 +0000] "GET /users/secure/get-all HTTP/1.1" 404 159 "-" "PostmanRuntime/7.3.0"
::1 - - [05/Nov/2018:10:36:01 +0000] "GET /users/secure/get-all HTTP/1.1" 404 159 "-" "PostmanRuntime/7.3.0"
::1 - - [05/Nov/2018:10:38:15 +0000] "GET /secure/users/get-all HTTP/1.1" - - "-" "PostmanRuntime/7.3.0"
::1 - - [05/Nov/2018:10:38:16 +0000] "GET /users/get-all HTTP/1.1" 200 490 "-" "PostmanRuntime/7.3.0"
::1 - - [05/Nov/2018:10:39:04 +0000] "GET /users/get-all HTTP/1.1" 200 490 "-" "PostmanRuntime/7.3.0"
::1 - - [05/Nov/2018:10:41:12 +0000] "GET /secure/users/get-all HTTP/1.1" - - "-" "PostmanRuntime/7.3.0"
::1 - - [05/Nov/2018:10:44:40 +0000] "GET /secure/users/get-all HTTP/1.1" 401 62 "-" "PostmanRuntime/7.3.0"
::1 - - [05/Nov/2018:10:45:07 +0000] "GET /secure/users/get-all HTTP/1.1" 401 62 "-" "PostmanRuntime/7.3.0"
::ffff:127.0.0.1 - - [05/Nov/2018:10:45:28 +0000] "GET /secure/users/get-all HTTP/1.1" 401 62 "-" "PostmanRuntime/7.3.0"
::ffff:127.0.0.1 - - [05/Nov/2018:10:45:29 +0000] "GET /secure/users/get-all HTTP/1.1" 401 62 "-" "PostmanRuntime/7.3.0"
::ffff:127.0.0.1 - - [05/Nov/2018:10:45:49 +0000] "GET /secure/users/get-all HTTP/1.1" 401 62 "-" "PostmanRuntime/7.3.0"
::ffff:127.0.0.1 - - [05/Nov/2018:10:47:41 +0000] "GET /secure/users/get-all HTTP/1.1" - - "-" "PostmanRuntime/7.3.0"
::1 - - [05/Nov/2018:10:47:54 +0000] "GET /secure/users/get-all HTTP/1.1" 404 159 "-" "PostmanRuntime/7.3.0"
::1 - - [05/Nov/2018:10:48:07 +0000] "GET /secure/users/get-all HTTP/1.1" 404 159 "-" "PostmanRuntime/7.3.0"
::1 - - [05/Nov/2018:10:48:26 +0000] "GET /secure/users/get-all HTTP/1.1" 401 62 "-" "PostmanRuntime/7.3.0"
::1 - - [05/Nov/2018:10:48:28 +0000] "GET /secure/users/get-all HTTP/1.1" 401 62 "-" "PostmanRuntime/7.3.0"
::1 - - [05/Nov/2018:10:48:31 +0000] "GET /secure/users/get-all HTTP/1.1" 404 159 "-" "PostmanRuntime/7.3.0"
::1 - - [05/Nov/2018:10:48:33 +0000] "GET /secure/users/get-all HTTP/1.1" 404 159 "-" "PostmanRuntime/7.3.0"
::1 - - [05/Nov/2018:10:49:40 +0000] "GET /secure/users/get-all HTTP/1.1" 404 159 "-" "PostmanRuntime/7.3.0"
::1 - - [05/Nov/2018:10:49:41 +0000] "GET /secure/users/get-all HTTP/1.1" 404 159 "-" "PostmanRuntime/7.3.0"
::1 - - [05/Nov/2018:10:50:53 +0000] "GET /secure/users/get-all HTTP/1.1" 404 159 "-" "PostmanRuntime/7.3.0"
::1 - - [05/Nov/2018:10:50:54 +0000] "GET /secure/users/get-all HTTP/1.1" 404 159 "-" "PostmanRuntime/7.3.0"
::1 - - [05/Nov/2018:10:51:01 +0000] "GET /secure/users/get-all HTTP/1.1" 404 159 "-" "PostmanRuntime/7.3.0"
::1 - - [05/Nov/2018:10:51:04 +0000] "GET /secure/users/get-all HTTP/1.1" 404 159 "-" "PostmanRuntime/7.3.0"
::1 - - [05/Nov/2018:10:55:28 +0000] "GET /secure/users/get-all HTTP/1.1" 404 159 "-" "PostmanRuntime/7.3.0"
::1 - - [05/Nov/2018:10:55:36 +0000] "GET /secure/get-all HTTP/1.1" 404 153 "-" "PostmanRuntime/7.3.0"
::1 - - [05/Nov/2018:10:55:57 +0000] "GET /secure/get-all HTTP/1.1" 500 1902 "-" "PostmanRuntime/7.3.0"
::1 - - [05/Nov/2018:10:56:11 +0000] "GET /secure/get-all HTTP/1.1" 500 1902 "-" "PostmanRuntime/7.3.0"
::1 - - [05/Nov/2018:10:56:36 +0000] "GET /secure/get-all HTTP/1.1" 404 153 "-" "PostmanRuntime/7.3.0"
::ffff:127.0.0.1 - - [05/Nov/2018:10:56:45 +0000] "GET /secure/get-all HTTP/1.1" 404 153 "-" "PostmanRuntime/7.3.0"
::1 - - [05/Nov/2018:10:56:54 +0000] "GET /secure/users/get-all HTTP/1.1" 404 159 "-" "PostmanRuntime/7.3.0"
::1 - - [05/Nov/2018:10:57:25 +0000] "GET /secure/users/get-all HTTP/1.1" 404 159 "-" "PostmanRuntime/7.3.0"
::ffff:127.0.0.1 - - [05/Nov/2018:10:58:05 +0000] "GET /secure/users/get-all HTTP/1.1" 404 159 "-" "PostmanRuntime/7.3.0"
::1 - - [05/Nov/2018:10:58:14 +0000] "GET /secure/get-all HTTP/1.1" 404 153 "-" "PostmanRuntime/7.3.0"
::1 - - [05/Nov/2018:11:01:44 +0000] "GET /secure/get-all HTTP/1.1" 404 153 "-" "PostmanRuntime/7.3.0"
::1 - - [05/Nov/2018:11:01:47 +0000] "GET /users/get-all HTTP/1.1" 500 2004 "-" "PostmanRuntime/7.3.0"
::1 - - [05/Nov/2018:11:28:46 +0000] "GET /users/get-all HTTP/1.1" 200 490 "-" "PostmanRuntime/7.3.0"
::1 - - [05/Nov/2018:11:28:55 +0000] "GET /users/get-all HTTP/1.1" 500 1928 "-" "PostmanRuntime/7.3.0"
::1 - - [05/Nov/2018:11:29:08 +0000] "GET /users/get-all HTTP/1.1" 200 490 "-" "PostmanRuntime/7.3.0"
::1 - - [05/Nov/2018:11:30:03 +0000] "GET /users/get-all HTTP/1.1" 500 1928 "-" "PostmanRuntime/7.3.0"
::1 - - [05/Nov/2018:11:30:16 +0000] "GET /users/get-all HTTP/1.1" 200 490 "-" "PostmanRuntime/7.3.0"
::1 - - [05/Nov/2018:11:30:23 +0000] "GET /users/get-all HTTP/1.1" 401 62 "-" "PostmanRuntime/7.3.0"
::1 - - [05/Nov/2018:11:30:27 +0000] "GET /users/get-all HTTP/1.1" 200 490 "-" "PostmanRuntime/7.3.0"
::1 - - [05/Nov/2018:11:35:00 +0000] "GET /users/streaming HTTP/1.1" 206 12253361 "http://localhost:8081/" "Mozilla/5.0 (Windows NT 10.0; Win64; x64) AppleWebKit/537.36 (KHTML, like Gecko) Chrome/70.0.3538.77 Safari/537.36"
::1 - - [05/Nov/2018:11:35:07 +0000] "GET / HTTP/1.1" 304 - "-" "Mozilla/5.0 (Windows NT 10.0; Win64; x64) AppleWebKit/537.36 (KHTML, like Gecko) Chrome/70.0.3538.77 Safari/537.36"
::1 - - [05/Nov/2018:11:35:07 +0000] "GET /users/streaming HTTP/1.1" 206 59177137 "http://localhost:8081/" "Mozilla/5.0 (Windows NT 10.0; Win64; x64) AppleWebKit/537.36 (KHTML, like Gecko) Chrome/70.0.3538.77 Safari/537.36"
::1 - - [05/Nov/2018:11:35:07 +0000] "GET /users/streaming HTTP/1.1" 206 56326321 "http://localhost:8081/" "Mozilla/5.0 (Windows NT 10.0; Win64; x64) AppleWebKit/537.36 (KHTML, like Gecko) Chrome/70.0.3538.77 Safari/537.36"
::1 - - [05/Nov/2018:11:35:09 +0000] "GET / HTTP/1.1" 304 - "-" "Mozilla/5.0 (Windows NT 10.0; Win64; x64) AppleWebKit/537.36 (KHTML, like Gecko) Chrome/70.0.3538.77 Safari/537.36"
::1 - - [05/Nov/2018:11:35:09 +0000] "GET / HTTP/1.1" 304 - "-" "Mozilla/5.0 (Windows NT 10.0; Win64; x64) AppleWebKit/537.36 (KHTML, like Gecko) Chrome/70.0.3538.77 Safari/537.36"
::1 - - [05/Nov/2018:11:35:09 +0000] "GET /users/streaming HTTP/1.1" 206 56129713 "http://localhost:8081/" "Mozilla/5.0 (Windows NT 10.0; Win64; x64) AppleWebKit/537.36 (KHTML, like Gecko) Chrome/70.0.3538.77 Safari/537.36"
::1 - - [05/Nov/2018:11:35:15 +0000] "GET / HTTP/1.1" 304 - "-" "Mozilla/5.0 (Windows NT 10.0; Win64; x64) AppleWebKit/537.36 (KHTML, like Gecko) Chrome/70.0.3538.77 Safari/537.36"
::1 - - [05/Nov/2018:11:35:15 +0000] "GET /users/streaming HTTP/1.1" 206 55998641 "http://localhost:8081/" "Mozilla/5.0 (Windows NT 10.0; Win64; x64) AppleWebKit/537.36 (KHTML, like Gecko) Chrome/70.0.3538.77 Safari/537.36"
::1 - - [05/Nov/2018:11:35:20 +0000] "GET / HTTP/1.1" 304 - "-" "Mozilla/5.0 (Windows NT 10.0; Win64; x64) AppleWebKit/537.36 (KHTML, like Gecko) Chrome/70.0.3538.77 Safari/537.36"
::1 - - [05/Nov/2018:11:35:34 +0000] "GET / HTTP/1.1" 200 320 "-" "Mozilla/5.0 (Windows NT 10.0; Win64; x64) AppleWebKit/537.36 (KHTML, like Gecko) Chrome/70.0.3538.77 Safari/537.36"
::1 - - [05/Nov/2018:11:35:35 +0000] "GET / HTTP/1.1" 200 320 "-" "Mozilla/5.0 (Windows NT 10.0; Win64; x64) AppleWebKit/537.36 (KHTML, like Gecko) Chrome/70.0.3538.77 Safari/537.36"
::1 - - [05/Nov/2018:11:35:35 +0000] "GET / HTTP/1.1" 200 320 "-" "Mozilla/5.0 (Windows NT 10.0; Win64; x64) AppleWebKit/537.36 (KHTML, like Gecko) Chrome/70.0.3538.77 Safari/537.36"
::1 - - [05/Nov/2018:11:35:35 +0000] "GET / HTTP/1.1" 200 320 "-" "Mozilla/5.0 (Windows NT 10.0; Win64; x64) AppleWebKit/537.36 (KHTML, like Gecko) Chrome/70.0.3538.77 Safari/537.36"
::1 - - [05/Nov/2018:11:35:35 +0000] "GET / HTTP/1.1" 200 320 "-" "Mozilla/5.0 (Windows NT 10.0; Win64; x64) AppleWebKit/537.36 (KHTML, like Gecko) Chrome/70.0.3538.77 Safari/537.36"
::1 - - [05/Nov/2018:11:36:00 +0000] "GET / HTTP/1.1" 200 320 "-" "Mozilla/5.0 (Windows NT 10.0; Win64; x64) AppleWebKit/537.36 (KHTML, like Gecko) Chrome/70.0.3538.77 Safari/537.36"
::1 - - [05/Nov/2018:11:36:05 +0000] "GET / HTTP/1.1" 200 320 "-" "Mozilla/5.0 (Windows NT 10.0; Win64; x64) AppleWebKit/537.36 (KHTML, like Gecko) Chrome/70.0.3538.77 Safari/537.36"
::1 - - [05/Nov/2018:11:36:12 +0000] "GET / HTTP/1.1" 200 320 "-" "Mozilla/5.0 (Windows NT 10.0; Win64; x64) AppleWebKit/537.36 (KHTML, like Gecko) Chrome/70.0.3538.77 Safari/537.36"
::1 - - [05/Nov/2018:11:36:13 +0000] "GET /users/streaming HTTP/1.1" 206 59177137 "http://localhost:8081/" "Mozilla/5.0 (Windows NT 10.0; Win64; x64) AppleWebKit/537.36 (KHTML, like Gecko) Chrome/70.0.3538.77 Safari/537.36"
::1 - - [05/Nov/2018:11:36:13 +0000] "GET /users/streaming HTTP/1.1" 206 56260785 "http://localhost:8081/" "Mozilla/5.0 (Windows NT 10.0; Win64; x64) AppleWebKit/537.36 (KHTML, like Gecko) Chrome/70.0.3538.77 Safari/537.36"
::1 - - [05/Nov/2018:11:38:33 +0000] "GET /users/streaming HTTP/1.1" 206 59177137 "http://localhost:8081/" "Mozilla/5.0 (Windows NT 10.0; Win64; x64) AppleWebKit/537.36 (KHTML, like Gecko) Chrome/70.0.3538.77 Safari/537.36"
